C:\USERS\LUCASLAPTOP\DOCUMENTS\VISUAL STUDIO 2012\PROJECTS\DUALCAMCALIBRATEOOP\DUALCAMCALIBRATEOOP\DEBUG\DUALCAMCALIBRATEOOP.PCH
C:\USERS\LUCASLAPTOP\DOCUMENTS\VISUAL STUDIO 2012\PROJECTS\DUALCAMCALIBRATEOOP\DUALCAMCALIBRATEOOP\DEBUG\STDAFX.OBJ
C:\USERS\LUCASLAPTOP\DOCUMENTS\VISUAL STUDIO 2012\PROJECTS\DUALCAMCALIBRATEOOP\DUALCAMCALIBRATEOOP\DEBUG\VC110.PDB
C:\USERS\LUCASLAPTOP\DOCUMENTS\VISUAL STUDIO 2012\PROJECTS\DUALCAMCALIBRATEOOP\DUALCAMCALIBRATEOOP\DEBUG\CALIBRATIONMANAGER.OBJ
C:\USERS\LUCASLAPTOP\DOCUMENTS\VISUAL STUDIO 2012\PROJECTS\DUALCAMCALIBRATEOOP\DUALCAMCALIBRATEOOP\DEBUG\DUALCAMCALIBRATEOOP.OBJ
C:\USERS\LUCASLAPTOP\DOCUMENTS\VISUAL STUDIO 2012\PROJECTS\DUALCAMCALIBRATEOOP\DUALCAMCALIBRATEOOP\DEBUG\DUALCAMMANAGER.OBJ
C:\USERS\LUCASLAPTOP\DOCUMENTS\VISUAL STUDIO 2012\PROJECTS\DUALCAMCALIBRATEOOP\DEBUG\DUALCAMCALIBRATEOOP.ILK
C:\USERS\LUCASLAPTOP\DOCUMENTS\VISUAL STUDIO 2012\PROJECTS\DUALCAMCALIBRATEOOP\DEBUG\DUALCAMCALIBRATEOOP.EXE
C:\USERS\LUCASLAPTOP\DOCUMENTS\VISUAL STUDIO 2012\PROJECTS\DUALCAMCALIBRATEOOP\DEBUG\DUALCAMCALIBRATEOOP.PDB
C:\Users\LucasLaptop\documents\visual studio 2012\Projects\DualCamCalibrateOOP\DualCamCalibrateOOP\Debug\CalibrationManager.obj
C:\Users\LucasLaptop\documents\visual studio 2012\Projects\DualCamCalibrateOOP\DualCamCalibrateOOP\Debug\DualCamCalibrateOOP.obj
C:\Users\LucasLaptop\documents\visual studio 2012\Projects\DualCamCalibrateOOP\DualCamCalibrateOOP\Debug\DualCamManager.obj
C:\Users\LucasLaptop\documents\visual studio 2012\Projects\DualCamCalibrateOOP\DualCamCalibrateOOP\Debug\stdafx.obj
C:\Users\LucasLaptop\documents\visual studio 2012\Projects\DualCamCalibrateOOP\DualCamCalibrateOOP\Debug\cl.command.1.tlog
C:\Users\LucasLaptop\documents\visual studio 2012\Projects\DualCamCalibrateOOP\DualCamCalibrateOOP\Debug\CL.read.1.tlog
C:\Users\LucasLaptop\documents\visual studio 2012\Projects\DualCamCalibrateOOP\DualCamCalibrateOOP\Debug\CL.write.1.tlog
C:\Users\LucasLaptop\documents\visual studio 2012\Projects\DualCamCalibrateOOP\DualCamCalibrateOOP\Debug\link-cvtres.read.1.tlog
C:\Users\LucasLaptop\documents\visual studio 2012\Projects\DualCamCalibrateOOP\DualCamCalibrateOOP\Debug\link-cvtres.write.1.tlog
C:\Users\LucasLaptop\documents\visual studio 2012\Projects\DualCamCalibrateOOP\DualCamCalibrateOOP\Debug\link-rc.read.1.tlog
C:\Users\LucasLaptop\documents\visual studio 2012\Projects\DualCamCalibrateOOP\DualCamCalibrateOOP\Debug\link-rc.write.1.tlog
C:\Users\LucasLaptop\documents\visual studio 2012\Projects\DualCamCalibrateOOP\DualCamCalibrateOOP\Debug\link.6620-cvtres.read.1.tlog
C:\Users\LucasLaptop\documents\visual studio 2012\Projects\DualCamCalibrateOOP\DualCamCalibrateOOP\Debug\link.6620-cvtres.write.1.tlog
C:\Users\LucasLaptop\documents\visual studio 2012\Projects\DualCamCalibrateOOP\DualCamCalibrateOOP\Debug\link.6620-rc.read.1.tlog
C:\Users\LucasLaptop\documents\visual studio 2012\Projects\DualCamCalibrateOOP\DualCamCalibrateOOP\Debug\link.6620-rc.write.1.tlog
C:\Users\LucasLaptop\documents\visual studio 2012\Projects\DualCamCalibrateOOP\DualCamCalibrateOOP\Debug\link.6620.read.1.tlog
C:\Users\LucasLaptop\documents\visual studio 2012\Projects\DualCamCalibrateOOP\DualCamCalibrateOOP\Debug\link.6620.write.1.tlog
C:\Users\LucasLaptop\documents\visual studio 2012\Projects\DualCamCalibrateOOP\DualCamCalibrateOOP\Debug\link.command.1.tlog
C:\Users\LucasLaptop\documents\visual studio 2012\Projects\DualCamCalibrateOOP\DualCamCalibrateOOP\Debug\link.read.1.tlog
C:\Users\LucasLaptop\documents\visual studio 2012\Projects\DualCamCalibrateOOP\DualCamCalibrateOOP\Debug\link.write.1.tlog
C:\Users\LucasLaptop\documents\visual studio 2012\Projects\DualCamCalibrateOOP\DualCamCalibrateOOP\Debug\DualCamCalibrateOOP.pch
C:\Users\LucasLaptop\documents\visual studio 2012\Projects\DualCamCalibrateOOP\DualCamCalibrateOOP\Debug\vc110.idb
C:\Users\LucasLaptop\documents\visual studio 2012\Projects\DualCamCalibrateOOP\DualCamCalibrateOOP\Debug\vc110.pdb
C:\Users\LucasLaptop\documents\visual studio 2012\Projects\DualCamCalibrateOOP\Debug\DualCamCalibrateOOP.pdb
C:\Users\LucasLaptop\documents\visual studio 2012\Projects\DualCamCalibrateOOP\Debug\DualCamCalibrateOOP.exe
C:\Users\LucasLaptop\documents\visual studio 2012\Projects\DualCamCalibrateOOP\Debug\DualCamCalibrateOOP.ilk
